Using pre-set license
Built from '2020.2/release' branch; Version is '2020.2.0f1 (3721df5a8b28) revision 3613151'; Using compiler version '192528614'; Build Type 'Release'
OS: 'Windows 10  (10.0.0) 64bit' Language: 'en' Physical Memory: 3930 MB
BatchMode: 1, IsHumanControllingUs: 0, StartBugReporterOnCrash: 0, Is64bit: 1, IsPro: 0

 COMMAND LINE ARGUMENTS:
D:\unity\2020.2.0f1\Editor\Unity.exe
-adb2
-batchMode
-noUpm
-name
AssetImportWorker9
-projectPath
D:/project/RunnerPrototype2
-logFile
Logs/AssetImportWorker9.log
-srvPort
52087
Successfully changed project path to: D:/project/RunnerPrototype2
D:/project/RunnerPrototype2
Using Asset Import Pipeline V2.
Refreshing native plugins compatible for Editor in 186.96 ms, found 0 plugins.
Preloading 0 native plugins for Editor in 0.00 ms.
Initialize engine version: 2020.2.0f1 (3721df5a8b28)
[Subsystems] Discovering subsystems at path D:/unity/2020.2.0f1/Editor/Data/Resources/UnitySubsystems
[Subsystems] Discovering subsystems at path D:/project/RunnerPrototype2/Assets
GfxDevice: creating device client; threaded=0
Direct3D:
    Version:  Direct3D 11.0 [level 11.1]
    Renderer: Intel(R) HD Graphics (ID=0x22b1)
    Vendor:   
    VRAM:     1965 MB
    Driver:   20.19.15.5070
Initialize mono
Mono path[0] = 'D:/unity/2020.2.0f1/Editor/Data/Managed'
Mono path[1] = 'D:/unity/2020.2.0f1/Editor/Data/MonoBleedingEdge/lib/mono/unityjit'
Mono config path = 'D:/unity/2020.2.0f1/Editor/Data/MonoBleedingEdge/etc'
Using monoOptions --debugger-agent=transport=dt_socket,embedding=1,server=y,suspend=n,address=127.0.0.1:56116
Begin MonoManager ReloadAssembly
Registering precompiled unity dll's ...
Register platform support module: D:/unity/2020.2.0f1/Editor/Data/PlaybackEngines/WindowsStandaloneSupport/UnityEditor.WindowsStandalone.Extensions.dll
Registered in 0.007506 seconds.
Native extension for WindowsStandalone target not found
Refreshing native plugins compatible for Editor in 157.19 ms, found 0 plugins.
Preloading 0 native plugins for Editor in 0.00 ms.
Invoked RoslynAnalysisRunner static constructor.
RoslynAnalysisRunner will not be running.
RoslynAnalysisRunner has terminated.
Mono: successfully reloaded assembly
- Completed reload, in  6.165 seconds
Platform modules already initialized, skipping
Registering precompiled user dll's ...
Registered in 0.002632 seconds.
Begin MonoManager ReloadAssembly
Native extension for WindowsStandalone target not found
Refreshing native plugins compatible for Editor in 1.45 ms, found 0 plugins.
Preloading 0 native plugins for Editor in 0.00 ms.
Invoked RoslynAnalysisRunner static constructor.
RoslynAnalysisRunner will not be running.
RoslynAnalysisRunner has terminated.
Mono: successfully reloaded assembly
- Completed reload, in  6.903 seconds
Platform modules already initialized, skipping
========================================================================
Worker process is ready to serve import requests
Launched and connected shader compiler UnityShaderCompiler.exe after 0.53 seconds
Refreshing native plugins compatible for Editor in 1.33 ms, found 0 plugins.
Preloading 0 native plugins for Editor in 0.00 ms.
Unloading 1259 Unused Serialized files (Serialized files now loaded: 0)
System memory in use before: 64.7 MB.
System memory in use after: 64.7 MB.

Unloading 11 unused Assets to reduce memory usage. Loaded Objects now: 1701.
Total: 8.526700 ms (FindLiveObjects: 0.568500 ms CreateObjectMapping: 0.145000 ms MarkObjects: 7.530600 ms  DeleteObjects: 0.277100 ms)

========================================================================
Received Import Request.
  path: Assets/Prefabs/Road2.prefab
  artifactKey: Guid(32a22d0822c01c04c8f5acc13b8082df) Importer(815301076,1909f56bfc062723c751e8b465ee728b)
Start importing Assets/Prefabs/Road2.prefab using Guid(32a22d0822c01c04c8f5acc13b8082df) Importer(815301076,1909f56bfc062723c751e8b465ee728b)  -> (artifact id: '3dd089e72857b3ed784f394387cbd9a2') in 1.404846 seconds
  Import took 1.439286 seconds .

========================================================================
Received Import Request.
  Time since last request: 0.001107 seconds.
  path: Assets/Prefabs/Player.prefab
  artifactKey: Guid(98391f58770f38a40a2c4b5b96e50860) Importer(815301076,1909f56bfc062723c751e8b465ee728b)
Start importing Assets/Prefabs/Player.prefab using Guid(98391f58770f38a40a2c4b5b96e50860) Importer(815301076,1909f56bfc062723c751e8b465ee728b)  -> (artifact id: '610c1291eb754fb2abbeca13b7597dab') in 2.551285 seconds
  Import took 2.716979 seconds .

========================================================================
Received Import Request.
  Time since last request: 0.000817 seconds.
  path: Assets/Scripts/Tiles/TileManager.cs
  artifactKey: Guid(00aa4218c9c84c04db87a9eb603c9934) Importer(815301076,1909f56bfc062723c751e8b465ee728b)
Start importing Assets/Scripts/Tiles/TileManager.cs using Guid(00aa4218c9c84c04db87a9eb603c9934) Importer(815301076,1909f56bfc062723c751e8b465ee728b)  -> (artifact id: 'c2da7f2b1fd1997a2e6b3624764799ea') in 0.275613 seconds
  Import took 0.422625 seconds .

========================================================================
Received Import Request.
  Time since last request: 0.000992 seconds.
  path: Assets/Prefabs/RoadStart.prefab
  artifactKey: Guid(3e46d0df555585d49a593c7e684b6e06) Importer(815301076,1909f56bfc062723c751e8b465ee728b)
Start importing Assets/Prefabs/RoadStart.prefab using Guid(3e46d0df555585d49a593c7e684b6e06) Importer(815301076,1909f56bfc062723c751e8b465ee728b)  -> (artifact id: '7a6c8ecbbf6bbd1ccab2cb3880e9479c') in 0.084256 seconds
  Import took 0.234930 seconds .

========================================================================
Received Import Request.
  Time since last request: 0.000956 seconds.
  path: Assets/Prefabs/TileManager.prefab
  artifactKey: Guid(315c06ff7e5bed74e868923e536a5406) Importer(815301076,1909f56bfc062723c751e8b465ee728b)
Start importing Assets/Prefabs/TileManager.prefab using Guid(315c06ff7e5bed74e868923e536a5406) Importer(815301076,1909f56bfc062723c751e8b465ee728b)  -> (artifact id: '789ac23fa0dc72cc04c55ff3e01b44e1') in 0.058537 seconds
  Import took 0.185391 seconds .

========================================================================
Received Prepare
Registering precompiled user dll's ...
Registered in 0.002549 seconds.
Begin MonoManager ReloadAssembly
Native extension for WindowsStandalone target not found
Refreshing native plugins compatible for Editor in 0.74 ms, found 0 plugins.
Preloading 0 native plugins for Editor in 0.00 ms.
Invoked RoslynAnalysisRunner static constructor.
RoslynAnalysisRunner will not be running.
RoslynAnalysisRunner has terminated.
Mono: successfully reloaded assembly
- Completed reload, in 18.634 seconds
Platform modules already initialized, skipping
Refreshing native plugins compatible for Editor in 0.82 ms, found 0 plugins.
Preloading 0 native plugins for Editor in 0.00 ms.
Unloading 1240 Unused Serialized files (Serialized files now loaded: 0)
System memory in use before: 78.0 MB.
System memory in use after: 78.1 MB.

Unloading 6 unused Assets to reduce memory usage. Loaded Objects now: 1712.
Total: 7.732700 ms (FindLiveObjects: 1.506700 ms CreateObjectMapping: 0.134300 ms MarkObjects: 5.871100 ms  DeleteObjects: 0.215800 ms)

========================================================================
Received Prepare
Registering precompiled user dll's ...
Registered in 0.003902 seconds.
Begin MonoManager ReloadAssembly
Native extension for WindowsStandalone target not found
Refreshing native plugins compatible for Editor in 0.81 ms, found 0 plugins.
Preloading 0 native plugins for Editor in 0.00 ms.
Invoked RoslynAnalysisRunner static constructor.
RoslynAnalysisRunner will not be running.
RoslynAnalysisRunner has terminated.
Mono: successfully reloaded assembly
- Completed reload, in 19.126 seconds
Platform modules already initialized, skipping
Refreshing native plugins compatible for Editor in 0.72 ms, found 0 plugins.
Preloading 0 native plugins for Editor in 0.00 ms.
Unloading 1239 Unused Serialized files (Serialized files now loaded: 0)
System memory in use before: 78.3 MB.
System memory in use after: 78.3 MB.

Unloading 6 unused Assets to reduce memory usage. Loaded Objects now: 1714.
Total: 13.524300 ms (FindLiveObjects: 1.209900 ms CreateObjectMapping: 0.250700 ms MarkObjects: 11.899800 ms  DeleteObjects: 0.158900 ms)

========================================================================
Received Prepare
Registering precompiled user dll's ...
Registered in 0.002298 seconds.
Begin MonoManager ReloadAssembly
Native extension for WindowsStandalone target not found
Refreshing native plugins compatible for Editor in 1.08 ms, found 0 plugins.
Preloading 0 native plugins for Editor in 0.00 ms.
Invoked RoslynAnalysisRunner static constructor.
RoslynAnalysisRunner will not be running.
RoslynAnalysisRunner has terminated.
Mono: successfully reloaded assembly
- Completed reload, in 17.533 seconds
Platform modules already initialized, skipping
Refreshing native plugins compatible for Editor in 0.71 ms, found 0 plugins.
Preloading 0 native plugins for Editor in 0.00 ms.
Unloading 1239 Unused Serialized files (Serialized files now loaded: 0)
System memory in use before: 78.4 MB.
System memory in use after: 78.5 MB.

Unloading 6 unused Assets to reduce memory usage. Loaded Objects now: 1716.
Total: 89.548500 ms (FindLiveObjects: 0.959600 ms CreateObjectMapping: 18.598200 ms MarkObjects: 69.256400 ms  DeleteObjects: 0.728400 ms)

========================================================================
Received Prepare
Registering precompiled user dll's ...
Registered in 0.208506 seconds.
Begin MonoManager ReloadAssembly
Native extension for WindowsStandalone target not found
Refreshing native plugins compatible for Editor in 12.63 ms, found 0 plugins.
Preloading 0 native plugins for Editor in 0.00 ms.
Invoked RoslynAnalysisRunner static constructor.
RoslynAnalysisRunner will not be running.
RoslynAnalysisRunner has terminated.
Mono: successfully reloaded assembly
- Completed reload, in 12.283 seconds
Platform modules already initialized, skipping
Refreshing native plugins compatible for Editor in 79.01 ms, found 0 plugins.
Preloading 0 native plugins for Editor in 0.00 ms.
Unloading 1239 Unused Serialized files (Serialized files now loaded: 0)
System memory in use before: 78.9 MB.
System memory in use after: 78.9 MB.

Unloading 6 unused Assets to reduce memory usage. Loaded Objects now: 1718.
Total: 637.769900 ms (FindLiveObjects: 0.539500 ms CreateObjectMapping: 0.115400 ms MarkObjects: 636.920100 ms  DeleteObjects: 0.190200 ms)

========================================================================
Received Prepare
Registering precompiled user dll's ...
Registered in 0.002522 seconds.
Begin MonoManager ReloadAssembly
Native extension for WindowsStandalone target not found
Refreshing native plugins compatible for Editor in 0.76 ms, found 0 plugins.
Preloading 0 native plugins for Editor in 0.00 ms.
Invoked RoslynAnalysisRunner static constructor.
RoslynAnalysisRunner will not be running.
RoslynAnalysisRunner has terminated.
Mono: successfully reloaded assembly
- Completed reload, in 60.649 seconds
Platform modules already initialized, skipping
Refreshing native plugins compatible for Editor in 0.81 ms, found 0 plugins.
Preloading 0 native plugins for Editor in 0.00 ms.
Unloading 1239 Unused Serialized files (Serialized files now loaded: 0)
System memory in use before: 79.2 MB.
System memory in use after: 79.2 MB.

Unloading 6 unused Assets to reduce memory usage. Loaded Objects now: 1720.
Total: 6.922500 ms (FindLiveObjects: 0.537000 ms CreateObjectMapping: 0.569800 ms MarkObjects: 5.660800 ms  DeleteObjects: 0.148600 ms)

========================================================================
Received Prepare
Registering precompiled user dll's ...
Registered in 0.004175 seconds.
Begin MonoManager ReloadAssembly
Native extension for WindowsStandalone target not found
Refreshing native plugins compatible for Editor in 0.99 ms, found 0 plugins.
Preloading 0 native plugins for Editor in 0.00 ms.
Invoked RoslynAnalysisRunner static constructor.
RoslynAnalysisRunner will not be running.
RoslynAnalysisRunner has terminated.
Mono: successfully reloaded assembly
- Completed reload, in  6.410 seconds
Platform modules already initialized, skipping
Refreshing native plugins compatible for Editor in 2.02 ms, found 0 plugins.
Preloading 0 native plugins for Editor in 0.00 ms.
Unloading 1239 Unused Serialized files (Serialized files now loaded: 0)
System memory in use before: 79.4 MB.
System memory in use after: 79.5 MB.

Unloading 6 unused Assets to reduce memory usage. Loaded Objects now: 1722.
Total: 13.206200 ms (FindLiveObjects: 0.546200 ms CreateObjectMapping: 0.118600 ms MarkObjects: 12.289400 ms  DeleteObjects: 0.246800 ms)

========================================================================
Received Prepare
Registering precompiled user dll's ...
Registered in 0.004413 seconds.
Begin MonoManager ReloadAssembly
Native extension for WindowsStandalone target not found
Refreshing native plugins compatible for Editor in 0.74 ms, found 0 plugins.
Preloading 0 native plugins for Editor in 0.00 ms.
Invoked RoslynAnalysisRunner static constructor.
RoslynAnalysisRunner will not be running.
RoslynAnalysisRunner has terminated.
Mono: successfully reloaded assembly
- Completed reload, in 14.198 seconds
Platform modules already initialized, skipping
Refreshing native plugins compatible for Editor in 0.72 ms, found 0 plugins.
Preloading 0 native plugins for Editor in 0.00 ms.
Unloading 1239 Unused Serialized files (Serialized files now loaded: 0)
System memory in use before: 78.8 MB.
System memory in use after: 78.8 MB.

Unloading 6 unused Assets to reduce memory usage. Loaded Objects now: 1724.
Total: 17.726900 ms (FindLiveObjects: 0.536100 ms CreateObjectMapping: 0.113500 ms MarkObjects: 16.928200 ms  DeleteObjects: 0.143400 ms)

========================================================================
Received Prepare
Registering precompiled user dll's ...
Registered in 0.004953 seconds.
Begin MonoManager ReloadAssembly
Native extension for WindowsStandalone target not found
Refreshing native plugins compatible for Editor in 0.97 ms, found 0 plugins.
Preloading 0 native plugins for Editor in 0.00 ms.
Invoked RoslynAnalysisRunner static constructor.
RoslynAnalysisRunner will not be running.
RoslynAnalysisRunner has terminated.
Mono: successfully reloaded assembly
- Completed reload, in  8.667 seconds
Platform modules already initialized, skipping
Refreshing native plugins compatible for Editor in 0.82 ms, found 0 plugins.
Preloading 0 native plugins for Editor in 0.00 ms.
Unloading 1239 Unused Serialized files (Serialized files now loaded: 0)
System memory in use before: 79.0 MB.
System memory in use after: 79.1 MB.

Unloading 6 unused Assets to reduce memory usage. Loaded Objects now: 1726.
Total: 40.513700 ms (FindLiveObjects: 0.541000 ms CreateObjectMapping: 0.114700 ms MarkObjects: 39.577600 ms  DeleteObjects: 0.274900 ms)

========================================================================
Received Prepare
Registering precompiled user dll's ...
Registered in 0.002343 seconds.
Begin MonoManager ReloadAssembly
Native extension for WindowsStandalone target not found
Refreshing native plugins compatible for Editor in 1.17 ms, found 0 plugins.
Preloading 0 native plugins for Editor in 0.00 ms.
Invoked RoslynAnalysisRunner static constructor.
RoslynAnalysisRunner will not be running.
RoslynAnalysisRunner has terminated.
Mono: successfully reloaded assembly
- Completed reload, in  9.708 seconds
Platform modules already initialized, skipping
Refreshing native plugins compatible for Editor in 11.51 ms, found 0 plugins.
Preloading 0 native plugins for Editor in 0.00 ms.
Unloading 1239 Unused Serialized files (Serialized files now loaded: 0)
System memory in use before: 79.3 MB.
System memory in use after: 79.4 MB.

Unloading 6 unused Assets to reduce memory usage. Loaded Objects now: 1728.
Total: 6.838100 ms (FindLiveObjects: 1.023500 ms CreateObjectMapping: 0.209700 ms MarkObjects: 5.423200 ms  DeleteObjects: 0.177500 ms)

========================================================================
Received Prepare
Registering precompiled user dll's ...
Registered in 0.002461 seconds.
Begin MonoManager ReloadAssembly
Native extension for WindowsStandalone target not found
Refreshing native plugins compatible for Editor in 0.72 ms, found 0 plugins.
Preloading 0 native plugins for Editor in 0.00 ms.
Invoked RoslynAnalysisRunner static constructor.
RoslynAnalysisRunner will not be running.
RoslynAnalysisRunner has terminated.
Mono: successfully reloaded assembly
- Completed reload, in  4.949 seconds
Platform modules already initialized, skipping
Refreshing native plugins compatible for Editor in 0.75 ms, found 0 plugins.
Preloading 0 native plugins for Editor in 0.00 ms.
Unloading 1239 Unused Serialized files (Serialized files now loaded: 0)
System memory in use before: 79.4 MB.
System memory in use after: 79.5 MB.

Unloading 6 unused Assets to reduce memory usage. Loaded Objects now: 1730.
Total: 27.014700 ms (FindLiveObjects: 0.538800 ms CreateObjectMapping: 0.116800 ms MarkObjects: 26.164700 ms  DeleteObjects: 0.189500 ms)

========================================================================
Received Prepare
Refreshing native plugins compatible for Editor in 3.66 ms, found 0 plugins.
Preloading 0 native plugins for Editor in 0.00 ms.
Unloading 3 Unused Serialized files (Serialized files now loaded: 0)
System memory in use before: 54.3 MB.
System memory in use after: 54.4 MB.

Unloading 3 unused Assets to reduce memory usage. Loaded Objects now: 1730.
Total: 8.456000 ms (FindLiveObjects: 0.532600 ms CreateObjectMapping: 0.114900 ms MarkObjects: 7.659300 ms  DeleteObjects: 0.144300 ms)

========================================================================
Received Prepare
Registering precompiled user dll's ...
Registered in 0.003313 seconds.
Begin MonoManager ReloadAssembly
Native extension for WindowsStandalone target not found
Refreshing native plugins compatible for Editor in 0.82 ms, found 0 plugins.
Preloading 0 native plugins for Editor in 0.00 ms.
Invoked RoslynAnalysisRunner static constructor.
RoslynAnalysisRunner will not be running.
RoslynAnalysisRunner has terminated.
Mono: successfully reloaded assembly
- Completed reload, in 32.972 seconds
Platform modules already initialized, skipping
Refreshing native plugins compatible for Editor in 1.27 ms, found 0 plugins.
Preloading 0 native plugins for Editor in 0.00 ms.
Unloading 1239 Unused Serialized files (Serialized files now loaded: 0)
System memory in use before: 79.5 MB.
System memory in use after: 79.6 MB.

Unloading 6 unused Assets to reduce memory usage. Loaded Objects now: 1732.
Total: 8.174600 ms (FindLiveObjects: 1.224300 ms CreateObjectMapping: 0.268400 ms MarkObjects: 6.411800 ms  DeleteObjects: 0.264300 ms)

========================================================================
Received Prepare
Registering precompiled user dll's ...
Registered in 0.003002 seconds.
Begin MonoManager ReloadAssembly
Native extension for WindowsStandalone target not found
Refreshing native plugins compatible for Editor in 0.72 ms, found 0 plugins.
Preloading 0 native plugins for Editor in 0.00 ms.
Invoked RoslynAnalysisRunner static constructor.
RoslynAnalysisRunner will not be running.
RoslynAnalysisRunner has terminated.
Mono: successfully reloaded assembly
- Completed reload, in 27.727 seconds
Platform modules already initialized, skipping
Refreshing native plugins compatible for Editor in 0.73 ms, found 0 plugins.
Preloading 0 native plugins for Editor in 0.00 ms.
Unloading 1239 Unused Serialized files (Serialized files now loaded: 0)
System memory in use before: 79.6 MB.
System memory in use after: 79.7 MB.

Unloading 6 unused Assets to reduce memory usage. Loaded Objects now: 1734.
Total: 51.545200 ms (FindLiveObjects: 0.680200 ms CreateObjectMapping: 0.150200 ms MarkObjects: 50.545400 ms  DeleteObjects: 0.163600 ms)

========================================================================
Received Prepare
Registering precompiled user dll's ...
Registered in 0.002716 seconds.
Begin MonoManager ReloadAssembly
Native extension for WindowsStandalone target not found
Refreshing native plugins compatible for Editor in 1.16 ms, found 0 plugins.
Preloading 0 native plugins for Editor in 0.00 ms.
Invoked RoslynAnalysisRunner static constructor.
RoslynAnalysisRunner will not be running.
RoslynAnalysisRunner has terminated.
Mono: successfully reloaded assembly
- Completed reload, in  7.075 seconds
Platform modules already initialized, skipping
Refreshing native plugins compatible for Editor in 0.78 ms, found 0 plugins.
Preloading 0 native plugins for Editor in 0.00 ms.
Unloading 1239 Unused Serialized files (Serialized files now loaded: 0)
System memory in use before: 79.3 MB.
System memory in use after: 79.4 MB.

Unloading 6 unused Assets to reduce memory usage. Loaded Objects now: 1736.
Total: 28.657500 ms (FindLiveObjects: 0.638400 ms CreateObjectMapping: 0.124800 ms MarkObjects: 25.359100 ms  DeleteObjects: 0.276100 ms)

========================================================================
Received Prepare
Registering precompiled user dll's ...
Registered in 0.004190 seconds.
Begin MonoManager ReloadAssembly
Native extension for WindowsStandalone target not found
Refreshing native plugins compatible for Editor in 1.88 ms, found 0 plugins.
Preloading 0 native plugins for Editor in 0.00 ms.
Invoked RoslynAnalysisRunner static constructor.
RoslynAnalysisRunner will not be running.
RoslynAnalysisRunner has terminated.
Mono: successfully reloaded assembly
- Completed reload, in 13.565 seconds
Platform modules already initialized, skipping
Refreshing native plugins compatible for Editor in 0.71 ms, found 0 plugins.
Preloading 0 native plugins for Editor in 0.00 ms.
Unloading 1239 Unused Serialized files (Serialized files now loaded: 0)
System memory in use before: 79.6 MB.
System memory in use after: 79.7 MB.

Unloading 6 unused Assets to reduce memory usage. Loaded Objects now: 1738.
Total: 18.058400 ms (FindLiveObjects: 12.566100 ms CreateObjectMapping: 0.118000 ms MarkObjects: 5.163600 ms  DeleteObjects: 0.206300 ms)

========================================================================
Received Prepare
Registering precompiled user dll's ...
Registered in 0.002917 seconds.
Begin MonoManager ReloadAssembly
Native extension for WindowsStandalone target not found
Refreshing native plugins compatible for Editor in 4.84 ms, found 0 plugins.
Preloading 0 native plugins for Editor in 0.00 ms.
Invoked RoslynAnalysisRunner static constructor.
RoslynAnalysisRunner will not be running.
RoslynAnalysisRunner has terminated.
Mono: successfully reloaded assembly
- Completed reload, in 94.731 seconds
Platform modules already initialized, skipping
Refreshing native plugins compatible for Editor in 0.77 ms, found 0 plugins.
Preloading 0 native plugins for Editor in 0.00 ms.
Unloading 1239 Unused Serialized files (Serialized files now loaded: 0)
System memory in use before: 79.2 MB.
System memory in use after: 79.3 MB.

Unloading 6 unused Assets to reduce memory usage. Loaded Objects now: 1740.
Total: 1364.588400 ms (FindLiveObjects: 69.654700 ms CreateObjectMapping: 0.493300 ms MarkObjects: 1232.024400 ms  DeleteObjects: 62.408800 ms)

========================================================================
Received Prepare
Registering precompiled user dll's ...
Registered in 0.074921 seconds.
Begin MonoManager ReloadAssembly
Native extension for WindowsStandalone target not found
Refreshing native plugins compatible for Editor in 1.00 ms, found 0 plugins.
Preloading 0 native plugins for Editor in 0.00 ms.
Invoked RoslynAnalysisRunner static constructor.
RoslynAnalysisRunner will not be running.
RoslynAnalysisRunner has terminated.
Mono: successfully reloaded assembly
- Completed reload, in  8.728 seconds
Platform modules already initialized, skipping
Refreshing native plugins compatible for Editor in 0.71 ms, found 0 plugins.
Preloading 0 native plugins for Editor in 0.00 ms.
Unloading 1239 Unused Serialized files (Serialized files now loaded: 0)
System memory in use before: 79.6 MB.
System memory in use after: 79.7 MB.

Unloading 6 unused Assets to reduce memory usage. Loaded Objects now: 1742.
Total: 21.754400 ms (FindLiveObjects: 0.543400 ms CreateObjectMapping: 0.119800 ms MarkObjects: 20.936100 ms  DeleteObjects: 0.150500 ms)

========================================================================
Received Prepare
Registering precompiled user dll's ...
Registered in 0.104105 seconds.
Begin MonoManager ReloadAssembly
Native extension for WindowsStandalone target not found
Refreshing native plugins compatible for Editor in 0.73 ms, found 0 plugins.
Preloading 0 native plugins for Editor in 0.00 ms.
Invoked RoslynAnalysisRunner static constructor.
RoslynAnalysisRunner will not be running.
RoslynAnalysisRunner has terminated.
Mono: successfully reloaded assembly
- Completed reload, in  7.540 seconds
Platform modules already initialized, skipping
Refreshing native plugins compatible for Editor in 0.78 ms, found 0 plugins.
Preloading 0 native plugins for Editor in 0.00 ms.
Unloading 1239 Unused Serialized files (Serialized files now loaded: 0)
System memory in use before: 79.7 MB.
System memory in use after: 79.7 MB.

Unloading 6 unused Assets to reduce memory usage. Loaded Objects now: 1744.
Total: 7.659500 ms (FindLiveObjects: 0.545600 ms CreateObjectMapping: 0.531300 ms MarkObjects: 5.352100 ms  DeleteObjects: 1.224100 ms)

========================================================================
Received Prepare
Registering precompiled user dll's ...
Registered in 0.002574 seconds.
Begin MonoManager ReloadAssembly
Native extension for WindowsStandalone target not found
Refreshing native plugins compatible for Editor in 7.71 ms, found 0 plugins.
Preloading 0 native plugins for Editor in 0.00 ms.
Invoked RoslynAnalysisRunner static constructor.
RoslynAnalysisRunner will not be running.
RoslynAnalysisRunner has terminated.
Mono: successfully reloaded assembly
- Completed reload, in  9.652 seconds
Platform modules already initialized, skipping
Refreshing native plugins compatible for Editor in 0.88 ms, found 0 plugins.
Preloading 0 native plugins for Editor in 0.00 ms.
Unloading 1239 Unused Serialized files (Serialized files now loaded: 0)
System memory in use before: 79.4 MB.
System memory in use after: 79.5 MB.

Unloading 6 unused Assets to reduce memory usage. Loaded Objects now: 1746.
Total: 9.150300 ms (FindLiveObjects: 3.459400 ms CreateObjectMapping: 0.229200 ms MarkObjects: 4.874700 ms  DeleteObjects: 0.581500 ms)

========================================================================
Received Prepare
Registering precompiled user dll's ...
Registered in 0.002379 seconds.
Begin MonoManager ReloadAssembly
Native extension for WindowsStandalone target not found
Refreshing native plugins compatible for Editor in 6.16 ms, found 0 plugins.
Preloading 0 native plugins for Editor in 0.00 ms.
Invoked RoslynAnalysisRunner static constructor.
RoslynAnalysisRunner will not be running.
RoslynAnalysisRunner has terminated.
Mono: successfully reloaded assembly
- Completed reload, in 17.344 seconds
Platform modules already initialized, skipping
Refreshing native plugins compatible for Editor in 1.55 ms, found 0 plugins.
Preloading 0 native plugins for Editor in 0.00 ms.
Unloading 1239 Unused Serialized files (Serialized files now loaded: 0)
System memory in use before: 79.7 MB.
System memory in use after: 79.7 MB.

Unloading 6 unused Assets to reduce memory usage. Loaded Objects now: 1748.
Total: 27.673400 ms (FindLiveObjects: 1.424400 ms CreateObjectMapping: 0.317700 ms MarkObjects: 25.658200 ms  DeleteObjects: 0.268000 ms)

========================================================================
Received Prepare
Registering precompiled user dll's ...
Registered in 0.002475 seconds.
Begin MonoManager ReloadAssembly
Native extension for WindowsStandalone target not found
Refreshing native plugins compatible for Editor in 0.77 ms, found 0 plugins.
Preloading 0 native plugins for Editor in 0.00 ms.
Invoked RoslynAnalysisRunner static constructor.
RoslynAnalysisRunner will not be running.
RoslynAnalysisRunner has terminated.
Mono: successfully reloaded assembly
- Completed reload, in 67.574 seconds
Platform modules already initialized, skipping
Refreshing native plugins compatible for Editor in 239.23 ms, found 0 plugins.
Preloading 0 native plugins for Editor in 0.00 ms.
Unloading 1239 Unused Serialized files (Serialized files now loaded: 0)
System memory in use before: 79.3 MB.
System memory in use after: 79.3 MB.

Unloading 6 unused Assets to reduce memory usage. Loaded Objects now: 1750.
Total: 7.579400 ms (FindLiveObjects: 0.599300 ms CreateObjectMapping: 0.125200 ms MarkObjects: 6.701300 ms  DeleteObjects: 0.148800 ms)

========================================================================
Received Prepare
Registering precompiled user dll's ...
Registered in 0.002525 seconds.
Begin MonoManager ReloadAssembly
Native extension for WindowsStandalone target not found
Refreshing native plugins compatible for Editor in 2.10 ms, found 0 plugins.
Preloading 0 native plugins for Editor in 0.00 ms.
Invoked RoslynAnalysisRunner static constructor.
RoslynAnalysisRunner will not be running.
RoslynAnalysisRunner has terminated.
Mono: successfully reloaded assembly
- Completed reload, in  5.748 seconds
Platform modules already initialized, skipping
Refreshing native plugins compatible for Editor in 0.76 ms, found 0 plugins.
Preloading 0 native plugins for Editor in 0.00 ms.
Unloading 1239 Unused Serialized files (Serialized files now loaded: 0)
System memory in use before: 79.7 MB.
System memory in use after: 79.7 MB.

Unloading 6 unused Assets to reduce memory usage. Loaded Objects now: 1752.
Total: 28.031400 ms (FindLiveObjects: 0.562700 ms CreateObjectMapping: 0.117200 ms MarkObjects: 27.197400 ms  DeleteObjects: 0.149000 ms)

========================================================================
Received Prepare
Registering precompiled user dll's ...
Registered in 0.003368 seconds.
Begin MonoManager ReloadAssembly
Native extension for WindowsStandalone target not found
Refreshing native plugins compatible for Editor in 0.78 ms, found 0 plugins.
Preloading 0 native plugins for Editor in 0.00 ms.
Invoked RoslynAnalysisRunner static constructor.
RoslynAnalysisRunner will not be running.
RoslynAnalysisRunner has terminated.
Mono: successfully reloaded assembly
- Completed reload, in  5.498 seconds
Platform modules already initialized, skipping
Refreshing native plugins compatible for Editor in 0.72 ms, found 0 plugins.
Preloading 0 native plugins for Editor in 0.00 ms.
Unloading 1239 Unused Serialized files (Serialized files now loaded: 0)
System memory in use before: 79.7 MB.
System memory in use after: 79.8 MB.

Unloading 6 unused Assets to reduce memory usage. Loaded Objects now: 1754.
Total: 10.143700 ms (FindLiveObjects: 1.036900 ms CreateObjectMapping: 0.233700 ms MarkObjects: 8.725200 ms  DeleteObjects: 0.143100 ms)

========================================================================
Received Import Request.
  Time since last request: 6439.385421 seconds.
  path: Assets/Prefabs/Road2.prefab
  artifactKey: Guid(32a22d0822c01c04c8f5acc13b8082df) Importer(815301076,1909f56bfc062723c751e8b465ee728b)
Start importing Assets/Prefabs/Road2.prefab using Guid(32a22d0822c01c04c8f5acc13b8082df) Importer(815301076,1909f56bfc062723c751e8b465ee728b)  -> (artifact id: 'a34a07bbab41421524ce12e2fa0cbb48') in 4.604105 seconds
  Import took 4.632316 seconds .

========================================================================
Received Prepare
Registering precompiled user dll's ...
Registered in 0.021723 seconds.
Begin MonoManager ReloadAssembly
Native extension for WindowsStandalone target not found
Refreshing native plugins compatible for Editor in 1.06 ms, found 0 plugins.
Preloading 0 native plugins for Editor in 0.00 ms.
Invoked RoslynAnalysisRunner static constructor.
RoslynAnalysisRunner will not be running.
RoslynAnalysisRunner has terminated.
Mono: successfully reloaded assembly
- Completed reload, in 283.529 seconds
Platform modules already initialized, skipping
Refreshing native plugins compatible for Editor in 2.61 ms, found 0 plugins.
Preloading 0 native plugins for Editor in 0.00 ms.
Unloading 1239 Unused Serialized files (Serialized files now loaded: 0)
System memory in use before: 79.5 MB.
System memory in use after: 79.6 MB.

Unloading 6 unused Assets to reduce memory usage. Loaded Objects now: 1757.
Total: 75.090200 ms (FindLiveObjects: 1.196300 ms CreateObjectMapping: 5.002600 ms MarkObjects: 68.480700 ms  DeleteObjects: 0.403700 ms)

========================================================================
Received Prepare
Registering precompiled user dll's ...
Registered in 0.007509 seconds.
Begin MonoManager ReloadAssembly
Native extension for WindowsStandalone target not found
Refreshing native plugins compatible for Editor in 2.69 ms, found 0 plugins.
Preloading 0 native plugins for Editor in 0.00 ms.
Invoked RoslynAnalysisRunner static constructor.
RoslynAnalysisRunner will not be running.
RoslynAnalysisRunner has terminated.
Mono: successfully reloaded assembly
- Completed reload, in 141.545 seconds
Platform modules already initialized, skipping
Refreshing native plugins compatible for Editor in 1.06 ms, found 0 plugins.
Preloading 0 native plugins for Editor in 0.00 ms.
Unloading 1239 Unused Serialized files (Serialized files now loaded: 0)
System memory in use before: 79.7 MB.
System memory in use after: 79.8 MB.

Unloading 6 unused Assets to reduce memory usage. Loaded Objects now: 1759.
Total: 9.223200 ms (FindLiveObjects: 1.141800 ms CreateObjectMapping: 0.252300 ms MarkObjects: 7.567000 ms  DeleteObjects: 0.257100 ms)

========================================================================
Received Prepare
Registering precompiled user dll's ...
Registered in 0.004652 seconds.
Begin MonoManager ReloadAssembly
Native extension for WindowsStandalone target not found
Refreshing native plugins compatible for Editor in 0.88 ms, found 0 plugins.
Preloading 0 native plugins for Editor in 0.00 ms.
Invoked RoslynAnalysisRunner static constructor.
RoslynAnalysisRunner will not be running.
RoslynAnalysisRunner has terminated.
Mono: successfully reloaded assembly
- Completed reload, in 17.860 seconds
Platform modules already initialized, skipping
Refreshing native plugins compatible for Editor in 0.88 ms, found 0 plugins.
Preloading 0 native plugins for Editor in 0.00 ms.
Unloading 1239 Unused Serialized files (Serialized files now loaded: 0)
System memory in use before: 79.3 MB.
System memory in use after: 79.4 MB.

Unloading 6 unused Assets to reduce memory usage. Loaded Objects now: 1761.
Total: 27.404600 ms (FindLiveObjects: 0.725100 ms CreateObjectMapping: 0.129900 ms MarkObjects: 26.390900 ms  DeleteObjects: 0.153100 ms)

========================================================================
Received Prepare
Registering precompiled user dll's ...
Registered in 0.015282 seconds.
Begin MonoManager ReloadAssembly
Native extension for WindowsStandalone target not found
Refreshing native plugins compatible for Editor in 1.48 ms, found 0 plugins.
Preloading 0 native plugins for Editor in 0.00 ms.
Invoked RoslynAnalysisRunner static constructor.
RoslynAnalysisRunner will not be running.
RoslynAnalysisRunner has terminated.
Mono: successfully reloaded assembly
- Completed reload, in 87.240 seconds
Platform modules already initialized, skipping
Refreshing native plugins compatible for Editor in 0.98 ms, found 0 plugins.
Preloading 0 native plugins for Editor in 0.00 ms.
Unloading 1239 Unused Serialized files (Serialized files now loaded: 0)
System memory in use before: 79.7 MB.
System memory in use after: 79.8 MB.

Unloading 6 unused Assets to reduce memory usage. Loaded Objects now: 1763.
Total: 6.265700 ms (FindLiveObjects: 0.587100 ms CreateObjectMapping: 0.123100 ms MarkObjects: 5.403700 ms  DeleteObjects: 0.146800 ms)

========================================================================
Received Prepare
Registering precompiled user dll's ...
Registered in 0.027827 seconds.
Begin MonoManager ReloadAssembly
Native extension for WindowsStandalone target not found
Refreshing native plugins compatible for Editor in 0.87 ms, found 0 plugins.
Preloading 0 native plugins for Editor in 0.00 ms.
Invoked RoslynAnalysisRunner static constructor.
RoslynAnalysisRunner will not be running.
RoslynAnalysisRunner has terminated.
Mono: successfully reloaded assembly
- Completed reload, in 21.579 seconds
Platform modules already initialized, skipping
Refreshing native plugins compatible for Editor in 0.73 ms, found 0 plugins.
Preloading 0 native plugins for Editor in 0.00 ms.
Unloading 1239 Unused Serialized files (Serialized files now loaded: 0)
System memory in use before: 79.2 MB.
System memory in use after: 79.2 MB.

Unloading 6 unused Assets to reduce memory usage. Loaded Objects now: 1765.
Total: 29.663000 ms (FindLiveObjects: 0.650500 ms CreateObjectMapping: 0.130000 ms MarkObjects: 28.726700 ms  DeleteObjects: 0.150200 ms)

========================================================================
Received Prepare
Registering precompiled user dll's ...
Registered in 0.003194 seconds.
Begin MonoManager ReloadAssembly
Native extension for WindowsStandalone target not found
Refreshing native plugins compatible for Editor in 0.77 ms, found 0 plugins.
Preloading 0 native plugins for Editor in 0.00 ms.
Invoked RoslynAnalysisRunner static constructor.
RoslynAnalysisRunner will not be running.
RoslynAnalysisRunner has terminated.
Mono: successfully reloaded assembly
- Completed reload, in 13.740 seconds
Platform modules already initialized, skipping
Refreshing native plugins compatible for Editor in 0.85 ms, found 0 plugins.
Preloading 0 native plugins for Editor in 0.00 ms.
Unloading 1239 Unused Serialized files (Serialized files now loaded: 0)
System memory in use before: 79.6 MB.
System memory in use after: 79.7 MB.

Unloading 6 unused Assets to reduce memory usage. Loaded Objects now: 1767.
Total: 6.192800 ms (FindLiveObjects: 0.578700 ms CreateObjectMapping: 0.122100 ms MarkObjects: 5.338300 ms  DeleteObjects: 0.148900 ms)

========================================================================
Received Prepare
Registering precompiled user dll's ...
Registered in 0.002855 seconds.
Begin MonoManager ReloadAssembly
Native extension for WindowsStandalone target not found
Refreshing native plugins compatible for Editor in 0.78 ms, found 0 plugins.
Preloading 0 native plugins for Editor in 0.00 ms.
Invoked RoslynAnalysisRunner static constructor.
RoslynAnalysisRunner will not be running.
RoslynAnalysisRunner has terminated.
Mono: successfully reloaded assembly
- Completed reload, in 106.385 seconds
Platform modules already initialized, skipping
Refreshing native plugins compatible for Editor in 0.75 ms, found 0 plugins.
Preloading 0 native plugins for Editor in 0.00 ms.
Unloading 1239 Unused Serialized files (Serialized files now loaded: 0)
System memory in use before: 79.7 MB.
System memory in use after: 79.8 MB.

Unloading 6 unused Assets to reduce memory usage. Loaded Objects now: 1769.
Total: 42.784800 ms (FindLiveObjects: 2.160700 ms CreateObjectMapping: 1.097700 ms MarkObjects: 38.948500 ms  DeleteObjects: 0.572900 ms)

========================================================================
Received Prepare
Registering precompiled user dll's ...
Registered in 0.004048 seconds.
Begin MonoManager ReloadAssembly
Native extension for WindowsStandalone target not found
Refreshing native plugins compatible for Editor in 2.45 ms, found 0 plugins.
Preloading 0 native plugins for Editor in 0.00 ms.
Invoked RoslynAnalysisRunner static constructor.
RoslynAnalysisRunner will not be running.
RoslynAnalysisRunner has terminated.
Mono: successfully reloaded assembly
- Completed reload, in  7.650 seconds
Platform modules already initialized, skipping
Refreshing native plugins compatible for Editor in 2.07 ms, found 0 plugins.
Preloading 0 native plugins for Editor in 0.00 ms.
Unloading 1239 Unused Serialized files (Serialized files now loaded: 0)
System memory in use before: 79.4 MB.
System memory in use after: 79.5 MB.

Unloading 6 unused Assets to reduce memory usage. Loaded Objects now: 1771.
Total: 8.311100 ms (FindLiveObjects: 0.554700 ms CreateObjectMapping: 0.116400 ms MarkObjects: 7.487500 ms  DeleteObjects: 0.147700 ms)

========================================================================
Received Import Request.
  Time since last request: 2166.825883 seconds.
  path: Assets/Prefabs/Road2.prefab
  artifactKey: Guid(32a22d0822c01c04c8f5acc13b8082df) Importer(815301076,1909f56bfc062723c751e8b465ee728b)
Start importing Assets/Prefabs/Road2.prefab using Guid(32a22d0822c01c04c8f5acc13b8082df) Importer(815301076,1909f56bfc062723c751e8b465ee728b)  -> (artifact id: '003a79f74ed7d8cd9eff46d86f0b1965') in 8.331739 seconds
  Import took 8.410994 seconds .

========================================================================
Received Prepare
Registering precompiled user dll's ...
Registered in 0.006262 seconds.
Begin MonoManager ReloadAssembly
Native extension for WindowsStandalone target not found
Refreshing native plugins compatible for Editor in 0.80 ms, found 0 plugins.
Preloading 0 native plugins for Editor in 0.00 ms.
Invoked RoslynAnalysisRunner static constructor.
RoslynAnalysisRunner will not be running.
RoslynAnalysisRunner has terminated.
Mono: successfully reloaded assembly
- Completed reload, in 87.013 seconds
Platform modules already initialized, skipping
Refreshing native plugins compatible for Editor in 0.73 ms, found 0 plugins.
Preloading 0 native plugins for Editor in 0.00 ms.
Unloading 1239 Unused Serialized files (Serialized files now loaded: 0)
System memory in use before: 79.7 MB.
System memory in use after: 79.8 MB.

Unloading 6 unused Assets to reduce memory usage. Loaded Objects now: 1774.
Total: 15.262000 ms (FindLiveObjects: 0.639500 ms CreateObjectMapping: 0.140400 ms MarkObjects: 9.695300 ms  DeleteObjects: 4.780600 ms)

========================================================================
Received Prepare
Registering precompiled user dll's ...
Registered in 0.003983 seconds.
Begin MonoManager ReloadAssembly
Native extension for WindowsStandalone target not found
Refreshing native plugins compatible for Editor in 6.49 ms, found 0 plugins.
Preloading 0 native plugins for Editor in 0.00 ms.
Invoked RoslynAnalysisRunner static constructor.
RoslynAnalysisRunner will not be running.
RoslynAnalysisRunner has terminated.
Mono: successfully reloaded assembly
- Completed reload, in 42.794 seconds
Platform modules already initialized, skipping
Refreshing native plugins compatible for Editor in 0.73 ms, found 0 plugins.
Preloading 0 native plugins for Editor in 0.00 ms.
Unloading 1239 Unused Serialized files (Serialized files now loaded: 0)
System memory in use before: 79.2 MB.
System memory in use after: 79.3 MB.

Unloading 6 unused Assets to reduce memory usage. Loaded Objects now: 1776.
Total: 9.436200 ms (FindLiveObjects: 0.550800 ms CreateObjectMapping: 0.120800 ms MarkObjects: 8.610400 ms  DeleteObjects: 0.149400 ms)

========================================================================
Received Prepare
Registering precompiled user dll's ...
Registered in 0.024674 seconds.
Begin MonoManager ReloadAssembly
Native extension for WindowsStandalone target not found
Refreshing native plugins compatible for Editor in 5.45 ms, found 0 plugins.
Preloading 0 native plugins for Editor in 0.00 ms.
Invoked RoslynAnalysisRunner static constructor.
RoslynAnalysisRunner will not be running.
RoslynAnalysisRunner has terminated.
Mono: successfully reloaded assembly
- Completed reload, in 12.492 seconds
Platform modules already initialized, skipping
Refreshing native plugins compatible for Editor in 0.71 ms, found 0 plugins.
Preloading 0 native plugins for Editor in 0.00 ms.
Unloading 1239 Unused Serialized files (Serialized files now loaded: 0)
System memory in use before: 79.6 MB.
System memory in use after: 79.7 MB.

Unloading 6 unused Assets to reduce memory usage. Loaded Objects now: 1778.
Total: 6.991000 ms (FindLiveObjects: 0.579200 ms CreateObjectMapping: 0.119800 ms MarkObjects: 6.131100 ms  DeleteObjects: 0.154800 ms)

========================================================================
Received Prepare
Registering precompiled user dll's ...
Registered in 0.004757 seconds.
Begin MonoManager ReloadAssembly
Native extension for WindowsStandalone target not found
Refreshing native plugins compatible for Editor in 0.81 ms, found 0 plugins.
Preloading 0 native plugins for Editor in 0.00 ms.
Invoked RoslynAnalysisRunner static constructor.
RoslynAnalysisRunner will not be running.
RoslynAnalysisRunner has terminated.
Mono: successfully reloaded assembly
- Completed reload, in  5.924 seconds
Platform modules already initialized, skipping
Refreshing native plugins compatible for Editor in 2.07 ms, found 0 plugins.
Preloading 0 native plugins for Editor in 0.00 ms.
Unloading 1239 Unused Serialized files (Serialized files now loaded: 0)
System memory in use before: 79.7 MB.
System memory in use after: 79.8 MB.

Unloading 6 unused Assets to reduce memory usage. Loaded Objects now: 1780.
Total: 9.468400 ms (FindLiveObjects: 0.568200 ms CreateObjectMapping: 0.118100 ms MarkObjects: 8.379200 ms  DeleteObjects: 0.397100 ms)

========================================================================
Received Prepare
Registering precompiled user dll's ...
Registered in 0.019997 seconds.
Begin MonoManager ReloadAssembly
Native extension for WindowsStandalone target not found
Refreshing native plugins compatible for Editor in 0.95 ms, found 0 plugins.
Preloading 0 native plugins for Editor in 0.00 ms.
Invoked RoslynAnalysisRunner static constructor.
RoslynAnalysisRunner will not be running.
RoslynAnalysisRunner has terminated.
Mono: successfully reloaded assembly
- Completed reload, in 168.862 seconds
Platform modules already initialized, skipping
Script is not up to date after domain reload: guid(e26841f21241bb1439c19a5de1a05294) path("Assets/Scripts/Tiles/RoadStart.cs") state(2)
Refreshing native plugins compatible for Editor in 2.26 ms, found 0 plugins.
Preloading 0 native plugins for Editor in 0.00 ms.
Unloading 1239 Unused Serialized files (Serialized files now loaded: 0)
System memory in use before: 79.5 MB.
System memory in use after: 79.5 MB.

Unloading 6 unused Assets to reduce memory usage. Loaded Objects now: 1782.
Total: 118.590400 ms (FindLiveObjects: 0.579400 ms CreateObjectMapping: 0.122700 ms MarkObjects: 117.601900 ms  DeleteObjects: 0.280400 ms)

========================================================================
Received Prepare
Registering precompiled user dll's ...
Registered in 0.006892 seconds.
Begin MonoManager ReloadAssembly
Native extension for WindowsStandalone target not found
Refreshing native plugins compatible for Editor in 1.00 ms, found 0 plugins.
Preloading 0 native plugins for Editor in 0.00 ms.
Invoked RoslynAnalysisRunner static constructor.
RoslynAnalysisRunner will not be running.
RoslynAnalysisRunner has terminated.
Mono: successfully reloaded assembly
- Completed reload, in 13.239 seconds
Platform modules already initialized, skipping
Refreshing native plugins compatible for Editor in 0.72 ms, found 0 plugins.
Preloading 0 native plugins for Editor in 0.00 ms.
Unloading 1240 Unused Serialized files (Serialized files now loaded: 0)
System memory in use before: 79.7 MB.
System memory in use after: 79.8 MB.

Unloading 6 unused Assets to reduce memory usage. Loaded Objects now: 1785.
Total: 8.275000 ms (FindLiveObjects: 2.812400 ms CreateObjectMapping: 0.173000 ms MarkObjects: 5.137300 ms  DeleteObjects: 0.146900 ms)

========================================================================
Received Prepare
Registering precompiled user dll's ...
Registered in 0.004386 seconds.
Begin MonoManager ReloadAssembly
Native extension for WindowsStandalone target not found
Refreshing native plugins compatible for Editor in 0.79 ms, found 0 plugins.
Preloading 0 native plugins for Editor in 0.00 ms.
Invoked RoslynAnalysisRunner static constructor.
RoslynAnalysisRunner will not be running.
RoslynAnalysisRunner has terminated.
Mono: successfully reloaded assembly
- Completed reload, in 20.950 seconds
Platform modules already initialized, skipping
Refreshing native plugins compatible for Editor in 0.80 ms, found 0 plugins.
Preloading 0 native plugins for Editor in 0.00 ms.
Unloading 1240 Unused Serialized files (Serialized files now loaded: 0)
System memory in use before: 79.3 MB.
System memory in use after: 79.4 MB.

Unloading 6 unused Assets to reduce memory usage. Loaded Objects now: 1787.
Total: 11.879100 ms (FindLiveObjects: 0.568700 ms CreateObjectMapping: 0.119600 ms MarkObjects: 10.908300 ms  DeleteObjects: 0.276500 ms)

========================================================================
Received Import Request.
  Time since last request: 3379.662908 seconds.
  path: Assets/Prefabs/RoadStart.prefab
  artifactKey: Guid(3e46d0df555585d49a593c7e684b6e06) Importer(815301076,1909f56bfc062723c751e8b465ee728b)
Start importing Assets/Prefabs/RoadStart.prefab using Guid(3e46d0df555585d49a593c7e684b6e06) Importer(815301076,1909f56bfc062723c751e8b465ee728b)  -> (artifact id: 'faa1c8e7a7e76dd310a3fd7775cf5f19') in 4.857280 seconds
  Import took 4.975423 seconds .

========================================================================
Received Prepare
Registering precompiled user dll's ...
Registered in 0.002983 seconds.
Begin MonoManager ReloadAssembly
Native extension for WindowsStandalone target not found
Refreshing native plugins compatible for Editor in 0.80 ms, found 0 plugins.
Preloading 0 native plugins for Editor in 0.00 ms.
Invoked RoslynAnalysisRunner static constructor.
RoslynAnalysisRunner will not be running.
RoslynAnalysisRunner has terminated.
Mono: successfully reloaded assembly
- Completed reload, in 97.126 seconds
Platform modules already initialized, skipping
Refreshing native plugins compatible for Editor in 1.16 ms, found 0 plugins.
Preloading 0 native plugins for Editor in 0.00 ms.
Unloading 1240 Unused Serialized files (Serialized files now loaded: 0)
System memory in use before: 79.7 MB.
System memory in use after: 79.8 MB.

Unloading 6 unused Assets to reduce memory usage. Loaded Objects now: 1790.
Total: 11.074900 ms (FindLiveObjects: 0.577800 ms CreateObjectMapping: 0.188700 ms MarkObjects: 10.153900 ms  DeleteObjects: 0.149300 ms)

========================================================================
Received Prepare
Registering precompiled user dll's ...
Registered in 0.002548 seconds.
Begin MonoManager ReloadAssembly
Native extension for WindowsStandalone target not found
Refreshing native plugins compatible for Editor in 2.91 ms, found 0 plugins.
Preloading 0 native plugins for Editor in 0.00 ms.
Invoked RoslynAnalysisRunner static constructor.
RoslynAnalysisRunner will not be running.
RoslynAnalysisRunner has terminated.
Mono: successfully reloaded assembly
- Completed reload, in  7.043 seconds
Platform modules already initialized, skipping
Refreshing native plugins compatible for Editor in 3.09 ms, found 0 plugins.
Preloading 0 native plugins for Editor in 0.00 ms.
Unloading 1240 Unused Serialized files (Serialized files now loaded: 0)
System memory in use before: 79.8 MB.
System memory in use after: 79.8 MB.

Unloading 6 unused Assets to reduce memory usage. Loaded Objects now: 1792.
Total: 72.275000 ms (FindLiveObjects: 0.600300 ms CreateObjectMapping: 0.122000 ms MarkObjects: 71.396400 ms  DeleteObjects: 0.149300 ms)

========================================================================
Received Prepare
Registering precompiled user dll's ...
Registered in 0.002303 seconds.
Begin MonoManager ReloadAssembly
Native extension for WindowsStandalone target not found
Refreshing native plugins compatible for Editor in 0.74 ms, found 0 plugins.
Preloading 0 native plugins for Editor in 0.00 ms.
Invoked RoslynAnalysisRunner static constructor.
RoslynAnalysisRunner will not be running.
RoslynAnalysisRunner has terminated.
Mono: successfully reloaded assembly
- Completed reload, in  8.368 seconds
Platform modules already initialized, skipping
Refreshing native plugins compatible for Editor in 0.80 ms, found 0 plugins.
Preloading 0 native plugins for Editor in 0.00 ms.
Unloading 1240 Unused Serialized files (Serialized files now loaded: 0)
System memory in use before: 79.6 MB.
System memory in use after: 79.6 MB.

Unloading 6 unused Assets to reduce memory usage. Loaded Objects now: 1794.
Total: 10.270500 ms (FindLiveObjects: 0.649200 ms CreateObjectMapping: 0.132600 ms MarkObjects: 9.279900 ms  DeleteObjects: 0.203700 ms)

========================================================================
Received Prepare
Registering precompiled user dll's ...
Registered in 0.002977 seconds.
Begin MonoManager ReloadAssembly
Native extension for WindowsStandalone target not found
Refreshing native plugins compatible for Editor in 0.79 ms, found 0 plugins.
Preloading 0 native plugins for Editor in 0.00 ms.
Invoked RoslynAnalysisRunner static constructor.
RoslynAnalysisRunner will not be running.
RoslynAnalysisRunner has terminated.
Mono: successfully reloaded assembly
- Completed reload, in  6.852 seconds
Platform modules already initialized, skipping
Refreshing native plugins compatible for Editor in 0.72 ms, found 0 plugins.
Preloading 0 native plugins for Editor in 0.00 ms.
Unloading 1240 Unused Serialized files (Serialized files now loaded: 0)
System memory in use before: 79.8 MB.
System memory in use after: 79.8 MB.

Unloading 6 unused Assets to reduce memory usage. Loaded Objects now: 1796.
Total: 9.502100 ms (FindLiveObjects: 0.580100 ms CreateObjectMapping: 0.124000 ms MarkObjects: 8.643600 ms  DeleteObjects: 0.149900 ms)

========================================================================
Received Prepare
Registering precompiled user dll's ...
Registered in 0.004667 seconds.
Begin MonoManager ReloadAssembly
Native extension for WindowsStandalone target not found
Refreshing native plugins compatible for Editor in 0.77 ms, found 0 plugins.
Preloading 0 native plugins for Editor in 0.00 ms.
Invoked RoslynAnalysisRunner static constructor.
RoslynAnalysisRunner will not be running.
RoslynAnalysisRunner has terminated.
Mono: successfully reloaded assembly
- Completed reload, in 31.322 seconds
Platform modules already initialized, skipping
Refreshing native plugins compatible for Editor in 0.75 ms, found 0 plugins.
Preloading 0 native plugins for Editor in 0.00 ms.
Unloading 1240 Unused Serialized files (Serialized files now loaded: 0)
System memory in use before: 79.4 MB.
System memory in use after: 79.5 MB.

Unloading 6 unused Assets to reduce memory usage. Loaded Objects now: 1798.
Total: 8.331100 ms (FindLiveObjects: 0.621500 ms CreateObjectMapping: 0.133400 ms MarkObjects: 7.418900 ms  DeleteObjects: 0.153300 ms)

========================================================================
Received Import Request.
  Time since last request: 545.058111 seconds.
  path: Assets/Prefabs/Road2.prefab
  artifactKey: Guid(32a22d0822c01c04c8f5acc13b8082df) Importer(815301076,1909f56bfc062723c751e8b465ee728b)
Start importing Assets/Prefabs/Road2.prefab using Guid(32a22d0822c01c04c8f5acc13b8082df) Importer(815301076,1909f56bfc062723c751e8b465ee728b)  -> (artifact id: 'b99ba5e2a3a68fb06b31572966bc6900') in 24.309142 seconds
  Import took 24.317079 seconds .

========================================================================
Received Import Request.
  Time since last request: 4.735212 seconds.
  path: Assets/Prefabs/RoadStart.prefab
  artifactKey: Guid(3e46d0df555585d49a593c7e684b6e06) Importer(815301076,1909f56bfc062723c751e8b465ee728b)
Start importing Assets/Prefabs/RoadStart.prefab using Guid(3e46d0df555585d49a593c7e684b6e06) Importer(815301076,1909f56bfc062723c751e8b465ee728b)  -> (artifact id: '8c2649c07369b8854b147f2bb961fe49') in 6.029193 seconds
  Import took 6.036590 seconds .

========================================================================
Received Prepare
Registering precompiled user dll's ...
Registered in 0.002396 seconds.
Begin MonoManager ReloadAssembly
Native extension for WindowsStandalone target not found
Refreshing native plugins compatible for Editor in 7.39 ms, found 0 plugins.
Preloading 0 native plugins for Editor in 0.00 ms.
Invoked RoslynAnalysisRunner static constructor.
RoslynAnalysisRunner will not be running.
RoslynAnalysisRunner has terminated.
Mono: successfully reloaded assembly
- Completed reload, in  8.672 seconds
Platform modules already initialized, skipping
Refreshing native plugins compatible for Editor in 5.63 ms, found 0 plugins.
Preloading 0 native plugins for Editor in 0.00 ms.
Unloading 1240 Unused Serialized files (Serialized files now loaded: 0)
System memory in use before: 79.8 MB.
System memory in use after: 79.9 MB.

Unloading 6 unused Assets to reduce memory usage. Loaded Objects now: 1801.
Total: 7.592300 ms (FindLiveObjects: 0.571400 ms CreateObjectMapping: 0.117800 ms MarkObjects: 6.140800 ms  DeleteObjects: 0.756500 ms)

========================================================================
Received Prepare
Registering precompiled user dll's ...
Registered in 0.003978 seconds.
Begin MonoManager ReloadAssembly
Native extension for WindowsStandalone target not found
Refreshing native plugins compatible for Editor in 1.16 ms, found 0 plugins.
Preloading 0 native plugins for Editor in 0.00 ms.
Invoked RoslynAnalysisRunner static constructor.
RoslynAnalysisRunner will not be running.
RoslynAnalysisRunner has terminated.
Mono: successfully reloaded assembly
- Completed reload, in 53.794 seconds
Platform modules already initialized, skipping
Refreshing native plugins compatible for Editor in 0.73 ms, found 0 plugins.
Preloading 0 native plugins for Editor in 0.00 ms.
Unloading 1240 Unused Serialized files (Serialized files now loaded: 0)
System memory in use before: 79.2 MB.
System memory in use after: 79.3 MB.

Unloading 6 unused Assets to reduce memory usage. Loaded Objects now: 1803.
Total: 8.368400 ms (FindLiveObjects: 0.606400 ms CreateObjectMapping: 0.129900 ms MarkObjects: 7.363400 ms  DeleteObjects: 0.262500 ms)

========================================================================
Received Prepare
Registering precompiled user dll's ...
Registered in 0.002438 seconds.
Begin MonoManager ReloadAssembly
Native extension for WindowsStandalone target not found
Refreshing native plugins compatible for Editor in 0.73 ms, found 0 plugins.
Preloading 0 native plugins for Editor in 0.00 ms.
Invoked RoslynAnalysisRunner static constructor.
RoslynAnalysisRunner will not be running.
RoslynAnalysisRunner has terminated.
Mono: successfully reloaded assembly
- Completed reload, in 36.740 seconds
Platform modules already initialized, skipping
Refreshing native plugins compatible for Editor in 0.97 ms, found 0 plugins.
Preloading 0 native plugins for Editor in 0.00 ms.
Unloading 1240 Unused Serialized files (Serialized files now loaded: 0)
System memory in use before: 79.6 MB.
System memory in use after: 79.7 MB.

Unloading 6 unused Assets to reduce memory usage. Loaded Objects now: 1805.
Total: 23.097500 ms (FindLiveObjects: 0.569700 ms CreateObjectMapping: 0.120400 ms MarkObjects: 22.134600 ms  DeleteObjects: 0.267700 ms)

========================================================================
Received Prepare
Registering precompiled user dll's ...
Registered in 0.004419 seconds.
Begin MonoManager ReloadAssembly
Native extension for WindowsStandalone target not found
Refreshing native plugins compatible for Editor in 0.74 ms, found 0 plugins.
Preloading 0 native plugins for Editor in 0.00 ms.
Invoked RoslynAnalysisRunner static constructor.
RoslynAnalysisRunner will not be running.
RoslynAnalysisRunner has terminated.
Mono: successfully reloaded assembly
- Completed reload, in 25.730 seconds
Platform modules already initialized, skipping
Refreshing native plugins compatible for Editor in 1.08 ms, found 0 plugins.
Preloading 0 native plugins for Editor in 0.00 ms.
Unloading 1240 Unused Serialized files (Serialized files now loaded: 0)
System memory in use before: 79.8 MB.
System memory in use after: 79.9 MB.

Unloading 6 unused Assets to reduce memory usage. Loaded Objects now: 1807.
Total: 14.938700 ms (FindLiveObjects: 0.622600 ms CreateObjectMapping: 0.124700 ms MarkObjects: 13.928200 ms  DeleteObjects: 0.258600 ms)

========================================================================
Received Import Request.
  Time since last request: 583.480696 seconds.
  path: Assets/Prefabs/Road2.prefab
  artifactKey: Guid(32a22d0822c01c04c8f5acc13b8082df) Importer(815301076,1909f56bfc062723c751e8b465ee728b)
Start importing Assets/Prefabs/Road2.prefab using Guid(32a22d0822c01c04c8f5acc13b8082df) Importer(815301076,1909f56bfc062723c751e8b465ee728b)  -> (artifact id: '0513f9dc1678eaddfc6a554aa69a9bec') in 4.681829 seconds
  Import took 4.690562 seconds .

========================================================================
Received Prepare
Registering precompiled user dll's ...
Registered in 0.005232 seconds.
Begin MonoManager ReloadAssembly
Native extension for WindowsStandalone target not found
Refreshing native plugins compatible for Editor in 3.61 ms, found 0 plugins.
Preloading 0 native plugins for Editor in 0.00 ms.
Invoked RoslynAnalysisRunner static constructor.
RoslynAnalysisRunner will not be running.
RoslynAnalysisRunner has terminated.
Mono: successfully reloaded assembly
- Completed reload, in 26.681 seconds
Platform modules already initialized, skipping
Refreshing native plugins compatible for Editor in 0.73 ms, found 0 plugins.
Preloading 0 native plugins for Editor in 0.00 ms.
Unloading 1240 Unused Serialized files (Serialized files now loaded: 0)
System memory in use before: 79.5 MB.
System memory in use after: 79.5 MB.

Unloading 6 unused Assets to reduce memory usage. Loaded Objects now: 1810.
Total: 9.980900 ms (FindLiveObjects: 0.915200 ms CreateObjectMapping: 0.152200 ms MarkObjects: 8.640800 ms  DeleteObjects: 0.267700 ms)

========================================================================
Received Prepare
Registering precompiled user dll's ...
Registered in 0.004301 seconds.
Begin MonoManager ReloadAssembly
Native extension for WindowsStandalone target not found
Refreshing native plugins compatible for Editor in 0.86 ms, found 0 plugins.
Preloading 0 native plugins for Editor in 0.00 ms.
Invoked RoslynAnalysisRunner static constructor.
RoslynAnalysisRunner will not be running.
RoslynAnalysisRunner has terminated.
Mono: successfully reloaded assembly
- Completed reload, in 29.984 seconds
Platform modules already initialized, skipping
Refreshing native plugins compatible for Editor in 4.16 ms, found 0 plugins.
Preloading 0 native plugins for Editor in 0.00 ms.
Unloading 1240 Unused Serialized files (Serialized files now loaded: 0)
System memory in use before: 79.8 MB.
System memory in use after: 79.9 MB.

Unloading 6 unused Assets to reduce memory usage. Loaded Objects now: 1812.
Total: 25.021100 ms (FindLiveObjects: 0.572600 ms CreateObjectMapping: 0.123800 ms MarkObjects: 23.518600 ms  DeleteObjects: 0.801400 ms)

========================================================================
Received Prepare
Registering precompiled user dll's ...
Registered in 0.007768 seconds.
Begin MonoManager ReloadAssembly
Native extension for WindowsStandalone target not found
Refreshing native plugins compatible for Editor in 1.13 ms, found 0 plugins.
Preloading 0 native plugins for Editor in 0.00 ms.
Invoked RoslynAnalysisRunner static constructor.
RoslynAnalysisRunner will not be running.
RoslynAnalysisRunner has terminated.
Mono: successfully reloaded assembly
- Completed reload, in 42.035 seconds
Platform modules already initialized, skipping
Refreshing native plugins compatible for Editor in 0.93 ms, found 0 plugins.
Preloading 0 native plugins for Editor in 0.00 ms.
Unloading 1240 Unused Serialized files (Serialized files now loaded: 0)
System memory in use before: 79.3 MB.
System memory in use after: 79.4 MB.

Unloading 6 unused Assets to reduce memory usage. Loaded Objects now: 1814.
Total: 11.451000 ms (FindLiveObjects: 0.837900 ms CreateObjectMapping: 0.161700 ms MarkObjects: 10.167600 ms  DeleteObjects: 0.278300 ms)

========================================================================
Received Prepare
Registering precompiled user dll's ...
Registered in 0.002329 seconds.
Begin MonoManager ReloadAssembly
Native extension for WindowsStandalone target not found
Refreshing native plugins compatible for Editor in 0.73 ms, found 0 plugins.
Preloading 0 native plugins for Editor in 0.00 ms.
Invoked RoslynAnalysisRunner static constructor.
RoslynAnalysisRunner will not be running.
RoslynAnalysisRunner has terminated.
Mono: successfully reloaded assembly
- Completed reload, in  4.416 seconds
Platform modules already initialized, skipping
Refreshing native plugins compatible for Editor in 0.72 ms, found 0 plugins.
Preloading 0 native plugins for Editor in 0.00 ms.
Unloading 1240 Unused Serialized files (Serialized files now loaded: 0)
System memory in use before: 79.7 MB.
System memory in use after: 79.8 MB.

Unloading 6 unused Assets to reduce memory usage. Loaded Objects now: 1816.
Total: 7.845100 ms (FindLiveObjects: 0.635000 ms CreateObjectMapping: 0.130500 ms MarkObjects: 6.815600 ms  DeleteObjects: 0.258700 ms)

========================================================================
Received Prepare
Registering precompiled user dll's ...
Registered in 0.003175 seconds.
Begin MonoManager ReloadAssembly
Native extension for WindowsStandalone target not found
Refreshing native plugins compatible for Editor in 0.74 ms, found 0 plugins.
Preloading 0 native plugins for Editor in 0.00 ms.
Invoked RoslynAnalysisRunner static constructor.
RoslynAnalysisRunner will not be running.
RoslynAnalysisRunner has terminated.
Mono: successfully reloaded assembly
- Completed reload, in  5.402 seconds
Platform modules already initialized, skipping
Refreshing native plugins compatible for Editor in 1.69 ms, found 0 plugins.
Preloading 0 native plugins for Editor in 0.00 ms.
Unloading 1240 Unused Serialized files (Serialized files now loaded: 0)
System memory in use before: 79.8 MB.
System memory in use after: 79.9 MB.

Unloading 6 unused Assets to reduce memory usage. Loaded Objects now: 1818.
Total: 7.865400 ms (FindLiveObjects: 1.314800 ms CreateObjectMapping: 0.161700 ms MarkObjects: 5.626000 ms  DeleteObjects: 0.757300 ms)

========================================================================
Received Prepare
Registering precompiled user dll's ...
Registered in 0.004315 seconds.
Begin MonoManager ReloadAssembly
Native extension for WindowsStandalone target not found
Refreshing native plugins compatible for Editor in 4.14 ms, found 0 plugins.
Preloading 0 native plugins for Editor in 0.00 ms.
Invoked RoslynAnalysisRunner static constructor.
RoslynAnalysisRunner will not be running.
RoslynAnalysisRunner has terminated.
Mono: successfully reloaded assembly
- Completed reload, in  8.641 seconds
Platform modules already initialized, skipping
Refreshing native plugins compatible for Editor in 0.80 ms, found 0 plugins.
Preloading 0 native plugins for Editor in 0.00 ms.
Unloading 1240 Unused Serialized files (Serialized files now loaded: 0)
System memory in use before: 79.5 MB.
System memory in use after: 79.6 MB.

Unloading 6 unused Assets to reduce memory usage. Loaded Objects now: 1820.
Total: 18.133700 ms (FindLiveObjects: 0.655300 ms CreateObjectMapping: 0.143300 ms MarkObjects: 14.186400 ms  DeleteObjects: 3.141300 ms)

========================================================================
Received Prepare
Registering precompiled user dll's ...
Registered in 0.007199 seconds.
Begin MonoManager ReloadAssembly
Native extension for WindowsStandalone target not found
Refreshing native plugins compatible for Editor in 2.83 ms, found 0 plugins.
Preloading 0 native plugins for Editor in 0.00 ms.
Invoked RoslynAnalysisRunner static constructor.
RoslynAnalysisRunner will not be running.
RoslynAnalysisRunner has terminated.
Mono: successfully reloaded assembly
- Completed reload, in 11.035 seconds
Platform modules already initialized, skipping
Refreshing native plugins compatible for Editor in 0.72 ms, found 0 plugins.
Preloading 0 native plugins for Editor in 0.00 ms.
Unloading 1240 Unused Serialized files (Serialized files now loaded: 0)
System memory in use before: 79.8 MB.
System memory in use after: 79.9 MB.

Unloading 6 unused Assets to reduce memory usage. Loaded Objects now: 1822.
Total: 10.548400 ms (FindLiveObjects: 1.937100 ms CreateObjectMapping: 0.161400 ms MarkObjects: 7.855400 ms  DeleteObjects: 0.589100 ms)

========================================================================
Received Prepare
Registering precompiled user dll's ...
Registered in 0.009470 seconds.
Begin MonoManager ReloadAssembly
Native extension for WindowsStandalone target not found
Refreshing native plugins compatible for Editor in 1.96 ms, found 0 plugins.
Preloading 0 native plugins for Editor in 0.00 ms.
Invoked RoslynAnalysisRunner static constructor.
RoslynAnalysisRunner will not be running.
RoslynAnalysisRunner has terminated.
Mono: successfully reloaded assembly
- Completed reload, in 59.602 seconds
Platform modules already initialized, skipping
Refreshing native plugins compatible for Editor in 0.84 ms, found 0 plugins.
Preloading 0 native plugins for Editor in 0.00 ms.
Unloading 1240 Unused Serialized files (Serialized files now loaded: 0)
System memory in use before: 79.4 MB.
System memory in use after: 79.4 MB.

Unloading 6 unused Assets to reduce memory usage. Loaded Objects now: 1824.
Total: 9.165100 ms (FindLiveObjects: 0.660500 ms CreateObjectMapping: 0.140400 ms MarkObjects: 8.098000 ms  DeleteObjects: 0.261300 ms)

========================================================================
Received Prepare
Registering precompiled user dll's ...
Registered in 0.002364 seconds.
Begin MonoManager ReloadAssembly
Native extension for WindowsStandalone target not found
Refreshing native plugins compatible for Editor in 0.80 ms, found 0 plugins.
Preloading 0 native plugins for Editor in 0.00 ms.
Invoked RoslynAnalysisRunner static constructor.
RoslynAnalysisRunner will not be running.
RoslynAnalysisRunner has terminated.
Mono: successfully reloaded assembly
- Completed reload, in 64.824 seconds
Platform modules already initialized, skipping
Refreshing native plugins compatible for Editor in 1.79 ms, found 0 plugins.
Preloading 0 native plugins for Editor in 0.00 ms.
Unloading 1240 Unused Serialized files (Serialized files now loaded: 0)
System memory in use before: 79.8 MB.
System memory in use after: 79.9 MB.

Unloading 6 unused Assets to reduce memory usage. Loaded Objects now: 1826.
Total: 98.222900 ms (FindLiveObjects: 0.586400 ms CreateObjectMapping: 0.134600 ms MarkObjects: 97.229400 ms  DeleteObjects: 0.266400 ms)

========================================================================
Received Prepare
Registering precompiled user dll's ...
Registered in 0.005035 seconds.
Begin MonoManager ReloadAssembly
Native extension for WindowsStandalone target not found
Refreshing native plugins compatible for Editor in 0.78 ms, found 0 plugins.
Preloading 0 native plugins for Editor in 0.00 ms.
Invoked RoslynAnalysisRunner static constructor.
RoslynAnalysisRunner will not be running.
RoslynAnalysisRunner has terminated.
Mono: successfully reloaded assembly
- Completed reload, in 80.343 seconds
Platform modules already initialized, skipping
Refreshing native plugins compatible for Editor in 0.71 ms, found 0 plugins.
Preloading 0 native plugins for Editor in 0.00 ms.
Unloading 1240 Unused Serialized files (Serialized files now loaded: 0)
System memory in use before: 79.8 MB.
System memory in use after: 79.9 MB.

Unloading 6 unused Assets to reduce memory usage. Loaded Objects now: 1828.
Total: 10.964500 ms (FindLiveObjects: 0.617400 ms CreateObjectMapping: 0.127200 ms MarkObjects: 9.956400 ms  DeleteObjects: 0.258500 ms)

========================================================================
Received Prepare
Registering precompiled user dll's ...
Registered in 0.002339 seconds.
Begin MonoManager ReloadAssembly
Native extension for WindowsStandalone target not found
Refreshing native plugins compatible for Editor in 0.74 ms, found 0 plugins.
Preloading 0 native plugins for Editor in 0.00 ms.
Invoked RoslynAnalysisRunner static constructor.
RoslynAnalysisRunner will not be running.
RoslynAnalysisRunner has terminated.
Mono: successfully reloaded assembly
- Completed reload, in  6.162 seconds
Platform modules already initialized, skipping
Refreshing native plugins compatible for Editor in 0.81 ms, found 0 plugins.
Preloading 0 native plugins for Editor in 0.00 ms.
Unloading 1240 Unused Serialized files (Serialized files now loaded: 0)
System memory in use before: 79.6 MB.
System memory in use after: 79.7 MB.

Unloading 6 unused Assets to reduce memory usage. Loaded Objects now: 1830.
Total: 8.927500 ms (FindLiveObjects: 0.590200 ms CreateObjectMapping: 0.124900 ms MarkObjects: 7.952300 ms  DeleteObjects: 0.255000 ms)

========================================================================
Received Prepare
Registering precompiled user dll's ...
Registered in 0.002942 seconds.
Begin MonoManager ReloadAssembly
Native extension for WindowsStandalone target not found
Refreshing native plugins compatible for Editor in 0.95 ms, found 0 plugins.
Preloading 0 native plugins for Editor in 0.00 ms.
Invoked RoslynAnalysisRunner static constructor.
RoslynAnalysisRunner will not be running.
RoslynAnalysisRunner has terminated.
Mono: successfully reloaded assembly
- Completed reload, in 89.455 seconds
Platform modules already initialized, skipping
Refreshing native plugins compatible for Editor in 0.82 ms, found 0 plugins.
Preloading 0 native plugins for Editor in 0.00 ms.
Unloading 1240 Unused Serialized files (Serialized files now loaded: 0)
System memory in use before: 79.8 MB.
System memory in use after: 79.9 MB.

Unloading 6 unused Assets to reduce memory usage. Loaded Objects now: 1832.
Total: 17.867500 ms (FindLiveObjects: 0.581300 ms CreateObjectMapping: 0.125600 ms MarkObjects: 16.894700 ms  DeleteObjects: 0.261600 ms)

========================================================================
Received Prepare
Registering precompiled user dll's ...
Registered in 0.002345 seconds.
Begin MonoManager ReloadAssembly
Native extension for WindowsStandalone target not found
Refreshing native plugins compatible for Editor in 0.74 ms, found 0 plugins.
Preloading 0 native plugins for Editor in 0.00 ms.
Invoked RoslynAnalysisRunner static constructor.
RoslynAnalysisRunner will not be running.
RoslynAnalysisRunner has terminated.
Mono: successfully reloaded assembly
- Completed reload, in  9.205 seconds
Platform modules already initialized, skipping
Refreshing native plugins compatible for Editor in 1.15 ms, found 0 plugins.
Preloading 0 native plugins for Editor in 0.00 ms.
Unloading 1240 Unused Serialized files (Serialized files now loaded: 0)
System memory in use before: 79.4 MB.
System memory in use after: 79.5 MB.

Unloading 6 unused Assets to reduce memory usage. Loaded Objects now: 1834.
Total: 10.818900 ms (FindLiveObjects: 1.310900 ms CreateObjectMapping: 0.517300 ms MarkObjects: 8.724800 ms  DeleteObjects: 0.261400 ms)

========================================================================
Received Import Request.
  Time since last request: 2059.391753 seconds.
  path: Assets/Prefabs/Road2.prefab
  artifactKey: Guid(32a22d0822c01c04c8f5acc13b8082df) Importer(815301076,1909f56bfc062723c751e8b465ee728b)
Start importing Assets/Prefabs/Road2.prefab using Guid(32a22d0822c01c04c8f5acc13b8082df) Importer(815301076,1909f56bfc062723c751e8b465ee728b)  -> (artifact id: '6ba8e4a91ad1311ff609c409a5680e97') in 10.322010 seconds
  Import took 10.338698 seconds .

========================================================================
Received Import Request.
  Time since last request: 0.000606 seconds.
  path: Assets/Prefabs/RoadStart.prefab
  artifactKey: Guid(3e46d0df555585d49a593c7e684b6e06) Importer(815301076,1909f56bfc062723c751e8b465ee728b)
Start importing Assets/Prefabs/RoadStart.prefab using Guid(3e46d0df555585d49a593c7e684b6e06) Importer(815301076,1909f56bfc062723c751e8b465ee728b)  -> (artifact id: '288922af03e8881240e3d1f0f5a0922a') in 4.462083 seconds
  Import took 4.739245 seconds .

========================================================================
Received Prepare
Registering precompiled user dll's ...
Registered in 0.100661 seconds.
Begin MonoManager ReloadAssembly
Native extension for WindowsStandalone target not found
Refreshing native plugins compatible for Editor in 0.74 ms, found 0 plugins.
Preloading 0 native plugins for Editor in 0.00 ms.
Invoked RoslynAnalysisRunner static constructor.
RoslynAnalysisRunner will not be running.
RoslynAnalysisRunner has terminated.
Mono: successfully reloaded assembly
- Completed reload, in 21.577 seconds
Platform modules already initialized, skipping
Refreshing native plugins compatible for Editor in 2.60 ms, found 0 plugins.
Preloading 0 native plugins for Editor in 0.00 ms.
Unloading 1240 Unused Serialized files (Serialized files now loaded: 0)
System memory in use before: 79.8 MB.
System memory in use after: 79.9 MB.

Unloading 6 unused Assets to reduce memory usage. Loaded Objects now: 1837.
Total: 9.048500 ms (FindLiveObjects: 0.585500 ms CreateObjectMapping: 0.123500 ms MarkObjects: 8.012400 ms  DeleteObjects: 0.320300 ms)

========================================================================
Received Prepare
Registering precompiled user dll's ...
Registered in 0.021713 seconds.
Begin MonoManager ReloadAssembly
Native extension for WindowsStandalone target not found
Refreshing native plugins compatible for Editor in 4.96 ms, found 0 plugins.
Preloading 0 native plugins for Editor in 0.00 ms.
Invoked RoslynAnalysisRunner static constructor.
RoslynAnalysisRunner will not be running.
RoslynAnalysisRunner has terminated.
Mono: successfully reloaded assembly
- Completed reload, in 77.923 seconds
Platform modules already initialized, skipping
Refreshing native plugins compatible for Editor in 0.74 ms, found 0 plugins.
Preloading 0 native plugins for Editor in 0.00 ms.
Unloading 1240 Unused Serialized files (Serialized files now loaded: 0)
System memory in use before: 79.9 MB.
System memory in use after: 79.9 MB.

Unloading 6 unused Assets to reduce memory usage. Loaded Objects now: 1839.
Total: 177.288400 ms (FindLiveObjects: 0.701100 ms CreateObjectMapping: 0.139900 ms MarkObjects: 176.143300 ms  DeleteObjects: 0.298000 ms)

========================================================================
Received Prepare
Registering precompiled user dll's ...
Registered in 0.004189 seconds.
Begin MonoManager ReloadAssembly
Native extension for WindowsStandalone target not found
Refreshing native plugins compatible for Editor in 0.82 ms, found 0 plugins.
Preloading 0 native plugins for Editor in 0.00 ms.
Invoked RoslynAnalysisRunner static constructor.
RoslynAnalysisRunner will not be running.
RoslynAnalysisRunner has terminated.
Mono: successfully reloaded assembly
- Completed reload, in 95.599 seconds
Platform modules already initialized, skipping
Refreshing native plugins compatible for Editor in 2.48 ms, found 0 plugins.
Preloading 0 native plugins for Editor in 0.00 ms.
Unloading 1240 Unused Serialized files (Serialized files now loaded: 0)
System memory in use before: 79.7 MB.
System memory in use after: 79.8 MB.

Unloading 6 unused Assets to reduce memory usage. Loaded Objects now: 1841.
Total: 8.319300 ms (FindLiveObjects: 0.581900 ms CreateObjectMapping: 0.118800 ms MarkObjects: 7.356600 ms  DeleteObjects: 0.257000 ms)

========================================================================
Received Prepare
Registering precompiled user dll's ...
Registered in 2.981029 seconds.
Begin MonoManager ReloadAssembly
Native extension for WindowsStandalone target not found
Refreshing native plugins compatible for Editor in 0.80 ms, found 0 plugins.
Preloading 0 native plugins for Editor in 0.00 ms.
Invoked RoslynAnalysisRunner static constructor.
RoslynAnalysisRunner will not be running.
RoslynAnalysisRunner has terminated.
Mono: successfully reloaded assembly
- Completed reload, in 18.116 seconds
Platform modules already initialized, skipping
Refreshing native plugins compatible for Editor in 0.71 ms, found 0 plugins.
Preloading 0 native plugins for Editor in 0.00 ms.
Unloading 1240 Unused Serialized files (Serialized files now loaded: 0)
System memory in use before: 79.9 MB.
System memory in use after: 79.9 MB.

Unloading 6 unused Assets to reduce memory usage. Loaded Objects now: 1843.
Total: 8.746600 ms (FindLiveObjects: 0.723600 ms CreateObjectMapping: 0.150000 ms MarkObjects: 7.414300 ms  DeleteObjects: 0.452300 ms)

========================================================================
Received Import Request.
  Time since last request: 1307.025830 seconds.
  path: Assets/Prefabs/RoadStart.prefab
  artifactKey: Guid(3e46d0df555585d49a593c7e684b6e06) Importer(815301076,1909f56bfc062723c751e8b465ee728b)
Start importing Assets/Prefabs/RoadStart.prefab using Guid(3e46d0df555585d49a593c7e684b6e06) Importer(815301076,1909f56bfc062723c751e8b465ee728b)  -> (artifact id: '5732c78b0af22116898c5a32d58fedb5') in 13.571933 seconds
  Import took 13.679305 seconds .

========================================================================
Received Prepare
Registering precompiled user dll's ...
Registered in 0.007939 seconds.
Begin MonoManager ReloadAssembly
Native extension for WindowsStandalone target not found
Refreshing native plugins compatible for Editor in 0.75 ms, found 0 plugins.
Preloading 0 native plugins for Editor in 0.00 ms.
Invoked RoslynAnalysisRunner static constructor.
RoslynAnalysisRunner will not be running.
RoslynAnalysisRunner has terminated.
Mono: successfully reloaded assembly
- Completed reload, in 10.811 seconds
Platform modules already initialized, skipping
Refreshing native plugins compatible for Editor in 0.70 ms, found 0 plugins.
Preloading 0 native plugins for Editor in 0.00 ms.
Unloading 1240 Unused Serialized files (Serialized files now loaded: 0)
System memory in use before: 79.5 MB.
System memory in use after: 79.6 MB.

Unloading 6 unused Assets to reduce memory usage. Loaded Objects now: 1846.
Total: 26.363000 ms (FindLiveObjects: 0.588200 ms CreateObjectMapping: 0.126300 ms MarkObjects: 25.378100 ms  DeleteObjects: 0.265200 ms)

========================================================================
Received Prepare
Registering precompiled user dll's ...
Registered in 0.002588 seconds.
Begin MonoManager ReloadAssembly
Native extension for WindowsStandalone target not found
Refreshing native plugins compatible for Editor in 0.76 ms, found 0 plugins.
Preloading 0 native plugins for Editor in 0.00 ms.
Invoked RoslynAnalysisRunner static constructor.
RoslynAnalysisRunner will not be running.
RoslynAnalysisRunner has terminated.
Mono: successfully reloaded assembly
- Completed reload, in 30.673 seconds
Platform modules already initialized, skipping
Refreshing native plugins compatible for Editor in 0.71 ms, found 0 plugins.
Preloading 0 native plugins for Editor in 0.00 ms.
Unloading 1240 Unused Serialized files (Serialized files now loaded: 0)
System memory in use before: 79.9 MB.
System memory in use after: 80.0 MB.

Unloading 6 unused Assets to reduce memory usage. Loaded Objects now: 1848.
Total: 10.452200 ms (FindLiveObjects: 0.671500 ms CreateObjectMapping: 0.152600 ms MarkObjects: 9.345700 ms  DeleteObjects: 0.276700 ms)

========================================================================
Received Import Request.
  Time since last request: 344.851535 seconds.
  path: Assets/Prefabs/Road2.prefab
  artifactKey: Guid(32a22d0822c01c04c8f5acc13b8082df) Importer(815301076,1909f56bfc062723c751e8b465ee728b)
Start importing Assets/Prefabs/Road2.prefab using Guid(32a22d0822c01c04c8f5acc13b8082df) Importer(815301076,1909f56bfc062723c751e8b465ee728b)  -> (artifact id: 'ee1dff698bcac7e9ca36001164ba8e7e') in 2.333374 seconds
  Import took 2.413299 seconds .

========================================================================
Received Prepare
Registering precompiled user dll's ...
Registered in 0.002323 seconds.
Begin MonoManager ReloadAssembly
Native extension for WindowsStandalone target not found
Refreshing native plugins compatible for Editor in 0.74 ms, found 0 plugins.
Preloading 0 native plugins for Editor in 0.00 ms.
Invoked RoslynAnalysisRunner static constructor.
RoslynAnalysisRunner will not be running.
RoslynAnalysisRunner has terminated.
Mono: successfully reloaded assembly
- Completed reload, in  8.991 seconds
Platform modules already initialized, skipping
Refreshing native plugins compatible for Editor in 0.73 ms, found 0 plugins.
Preloading 0 native plugins for Editor in 0.00 ms.
Unloading 1240 Unused Serialized files (Serialized files now loaded: 0)
System memory in use before: 79.3 MB.
System memory in use after: 79.4 MB.

Unloading 6 unused Assets to reduce memory usage. Loaded Objects now: 1851.
Total: 33.164200 ms (FindLiveObjects: 1.561400 ms CreateObjectMapping: 0.173500 ms MarkObjects: 31.165600 ms  DeleteObjects: 0.259200 ms)

========================================================================
Received Prepare
Registering precompiled user dll's ...
Registered in 0.003023 seconds.
Begin MonoManager ReloadAssembly
Native extension for WindowsStandalone target not found
Refreshing native plugins compatible for Editor in 1.91 ms, found 0 plugins.
Preloading 0 native plugins for Editor in 0.00 ms.
Invoked RoslynAnalysisRunner static constructor.
RoslynAnalysisRunner will not be running.
RoslynAnalysisRunner has terminated.
Mono: successfully reloaded assembly
- Completed reload, in  7.901 seconds
Platform modules already initialized, skipping
Refreshing native plugins compatible for Editor in 0.73 ms, found 0 plugins.
Preloading 0 native plugins for Editor in 0.00 ms.
Unloading 1240 Unused Serialized files (Serialized files now loaded: 0)
System memory in use before: 79.8 MB.
System memory in use after: 79.8 MB.

Unloading 6 unused Assets to reduce memory usage. Loaded Objects now: 1853.
Total: 32.133400 ms (FindLiveObjects: 0.603900 ms CreateObjectMapping: 0.128100 ms MarkObjects: 31.100900 ms  DeleteObjects: 0.295800 ms)

========================================================================
Received Prepare
Registering precompiled user dll's ...
Registered in 0.021372 seconds.
Begin MonoManager ReloadAssembly
Native extension for WindowsStandalone target not found
Refreshing native plugins compatible for Editor in 0.90 ms, found 0 plugins.
Preloading 0 native plugins for Editor in 0.00 ms.
Invoked RoslynAnalysisRunner static constructor.
RoslynAnalysisRunner will not be running.
RoslynAnalysisRunner has terminated.
Mono: successfully reloaded assembly
- Completed reload, in 18.551 seconds
Platform modules already initialized, skipping
Refreshing native plugins compatible for Editor in 0.81 ms, found 0 plugins.
Preloading 0 native plugins for Editor in 0.00 ms.
Unloading 1240 Unused Serialized files (Serialized files now loaded: 0)
System memory in use before: 79.9 MB.
System memory in use after: 80.0 MB.

Unloading 6 unused Assets to reduce memory usage. Loaded Objects now: 1855.
Total: 10.064900 ms (FindLiveObjects: 1.436500 ms CreateObjectMapping: 0.233800 ms MarkObjects: 8.124400 ms  DeleteObjects: 0.264800 ms)

AssetImportWorkerClient::OnTransportError - code=2 error=End of file
